生成启动时间为 2014/7/18 21:02:00。
     1>项目“E:\远程控制\RCserver\RCserver\RCserver.vcxproj”在节点 2 上(build 个目标)。
     1>InitializeBuildStatus:
         正在创建“Debug\RCserver.unsuccessfulbuild”，因为已指定“AlwaysCreate”。
       ClCompile:
         所有输出均为最新。
         所有输出均为最新。
       ResourceCompile:
         C:\Program Files (x86)\Microsoft SDKs\Windows\v7.0A\bin\rc.exe /D _DEBUG /D _AFXDLL /l"0x0804" /IDebug\ /nologo /fo"Debug\RCserver.res" RCserver.rc 
       ManifestResourceCompile:
         所有输出均为最新。
       Link:
         d:\vs2010\VC\bin\link.exe /ERRORREPORT:PROMPT /OUT:"E:\远程控制\RCserver\Debug\RCserver.exe" /INCREMENTAL /NOLOGO /MANIFEST /ManifestFile:"Debug\RCserver.exe.intermediate.manifest" /MANIFESTUAC:"level='asInvoker' uiAccess='false'" /DEBUG /PDB:"E:\远程控制\RCserver\Debug\RCserver.pdb" /SUBSYSTEM:WINDOWS /TLBID:1 /DYNAMICBASE /NXCOMPAT /IMPLIB:"E:\远程控制\RCserver\Debug\RCserver.lib" /MACHINE:X86 Debug\RCserver.res
         Debug\RCserver.exe.embed.manifest.res
         Debug\ControlList.obj
         Debug\RCserver.obj
         Debug\RCserverDlg.obj
         Debug\stdafx.obj
       Manifest:
         C:\Program Files (x86)\Microsoft SDKs\Windows\v7.0A\bin\mt.exe /nologo /verbose /out:"Debug\RCserver.exe.embed.manifest" /manifest Debug\RCserver.exe.intermediate.manifest d:\vs2010\VC\Include\Manifest\dpiaware.manifest
         所有输出均为最新。
       LinkEmbedManifest:
         所有输出均为最新。
         RCserver.vcxproj -> E:\远程控制\RCserver\Debug\RCserver.exe
       FinalizeBuildStatus:
         正在删除文件“Debug\RCserver.unsuccessfulbuild”。
         正在对“Debug\RCserver.lastbuildstate”执行 Touch 任务。
     1>已完成生成项目“E:\远程控制\RCserver\RCserver\RCserver.vcxproj”(build 个目标)的操作。

生成成功。

已用时间 00:00:00.33
