E:\远程控制\RCSERVER\DEBUG\RCSERVER.EXE
E:\远程控制\RCSERVER\DEBUG\RCSERVER.ILK
E:\远程控制\RCSERVER\DEBUG\RCSERVER.PDB
E:\远程控制\RCserver\RCserver\Debug\cl.command.1.tlog
E:\远程控制\RCserver\RCserver\Debug\CL.read.1.tlog
E:\远程控制\RCserver\RCserver\Debug\CL.write.1.tlog
E:\远程控制\RCSERVER\RCSERVER\DEBUG\CONTROLLIST.OBJ
E:\远程控制\RCserver\RCserver\Debug\link.44184.read.1.tlog
E:\远程控制\RCserver\RCserver\Debug\link.44184.write.1.tlog
E:\远程控制\RCserver\RCserver\Debug\link.44184-cvtres.read.1.tlog
E:\远程控制\RCserver\RCserver\Debug\link.44184-cvtres.write.1.tlog
E:\远程控制\RCserver\RCserver\Debug\link.51076.read.1.tlog
E:\远程控制\RCserver\RCserver\Debug\link.51076.write.1.tlog
E:\远程控制\RCserver\RCserver\Debug\link.51076-cvtres.read.1.tlog
E:\远程控制\RCserver\RCserver\Debug\link.51076-cvtres.write.1.tlog
E:\远程控制\RCserver\RCserver\Debug\link.command.1.tlog
E:\远程控制\RCserver\RCserver\Debug\link.read.1.tlog
E:\远程控制\RCserver\RCserver\Debug\link.write.1.tlog
E:\远程控制\RCserver\RCserver\Debug\link-cvtres.read.1.tlog
E:\远程控制\RCserver\RCserver\Debug\link-cvtres.write.1.tlog
E:\远程控制\RCserver\RCserver\Debug\mt.command.1.tlog
E:\远程控制\RCserver\RCserver\Debug\mt.read.1.tlog
E:\远程控制\RCserver\RCserver\Debug\mt.write.1.tlog
E:\远程控制\RCserver\RCserver\Debug\rc.command.1.tlog
E:\远程控制\RCserver\RCserver\Debug\rc.read.1.tlog
E:\远程控制\RCserver\RCserver\Debug\rc.write.1.tlog
E:\远程控制\RCSERVER\RCSERVER\DEBUG\RCSERVER.EXE.EMBED.MANIFEST
E:\远程控制\RCSERVER\RCSERVER\DEBUG\RCSERVER.EXE.EMBED.MANIFEST.RES
E:\远程控制\RCSERVER\RCSERVER\DEBUG\RCSERVER.EXE.INTERMEDIATE.MANIFEST
E:\远程控制\RCSERVER\RCSERVER\DEBUG\RCSERVER.OBJ
E:\远程控制\RCSERVER\RCSERVER\DEBUG\RCSERVER.PCH
E:\远程控制\RCSERVER\RCSERVER\DEBUG\RCSERVER.RES
E:\远程控制\RCserver\RCserver\Debug\RCserver_manifest.rc
E:\远程控制\RCSERVER\RCSERVER\DEBUG\RCSERVERDLG.OBJ
E:\远程控制\RCSERVER\RCSERVER\DEBUG\STDAFX.OBJ
E:\远程控制\RCserver\RCserver\Debug\vc100.idb
E:\远程控制\RCSERVER\RCSERVER\DEBUG\VC100.PDB
