生成启动时间为 2014/7/18 20:36:52。
     1>项目“C:\liyu\RCclient\RCclient\RCclient.vcxproj”在节点 2 上(build 个目标)。
     1>InitializeBuildStatus:
         正在创建“Debug\RCclient.unsuccessfulbuild”，因为已指定“AlwaysCreate”。
       ClCompile:
         所有输出均为最新。
         c:\Program Files (x86)\Microsoft Visual Studio 10.0\VC\bin\CL.exe /c /ZI /nologo /W3 /WX- /Od /Oy- /D WIN32 /D _WINDOWS /D _DEBUG /D _MBCS /D _AFXDLL /Gm /EHsc /RTC1 /MDd /GS /fp:precise /Zc:wchar_t /Zc:forScope /Yu"StdAfx.h" /Fp"Debug\RCclient.pch" /Fo"Debug\\" /Fd"Debug\vc100.pdb" /Gd /TP /analyze- /errorReport:prompt RCclientDlg.cpp
         RCclientDlg.cpp
     1>c:\liyu\rcclient\rcclient\rcclientdlg.cpp(333): warning C4244: “=”: 从“double”转换到“int”，可能丢失数据
       ResourceCompile:
         所有输出均为最新。
       ManifestResourceCompile:
         所有输出均为最新。
       Link:
         c:\Program Files (x86)\Microsoft Visual Studio 10.0\VC\bin\link.exe /ERRORREPORT:PROMPT /OUT:"C:\liyu\RCclient\Debug\RCclient.exe" /INCREMENTAL /NOLOGO /MANIFEST /ManifestFile:"Debug\RCclient.exe.intermediate.manifest" /MANIFESTUAC:"level='asInvoker' uiAccess='false'" /DEBUG /PDB:"C:\liyu\RCclient\Debug\RCclient.pdb" /SUBSYSTEM:WINDOWS /TLBID:1 /DYNAMICBASE /NXCOMPAT /IMPLIB:"C:\liyu\RCclient\Debug\RCclient.lib" /MACHINE:X86 Debug\RCclient.res
         Debug\RCclient.exe.embed.manifest.res
         Debug\RCclient.obj
         Debug\RCclientDlg.obj
         Debug\stdafx.obj
       Manifest:
         c:\Program Files (x86)\Microsoft SDKs\Windows\v7.0A\bin\mt.exe /nologo /verbose /out:"Debug\RCclient.exe.embed.manifest" /manifest Debug\RCclient.exe.intermediate.manifest "c:\Program Files (x86)\Microsoft Visual Studio 10.0\VC\Include\Manifest\dpiaware.manifest"
         所有输出均为最新。
       LinkEmbedManifest:
         所有输出均为最新。
         RCclient.vcxproj -> C:\liyu\RCclient\Debug\RCclient.exe
       FinalizeBuildStatus:
         正在删除文件“Debug\RCclient.unsuccessfulbuild”。
         正在对“Debug\RCclient.lastbuildstate”执行 Touch 任务。
     1>已完成生成项目“C:\liyu\RCclient\RCclient\RCclient.vcxproj”(build 个目标)的操作。

生成成功。

已用时间 00:00:00.42
