C:\LIYU\RCCLIENT\DEBUG\RCCLIENT.EXE
C:\LIYU\RCCLIENT\DEBUG\RCCLIENT.ILK
C:\LIYU\RCCLIENT\DEBUG\RCCLIENT.PDB
C:\liyu\RCclient\RCclient\Debug\cl.command.1.tlog
C:\liyu\RCclient\RCclient\Debug\CL.read.1.tlog
C:\liyu\RCclient\RCclient\Debug\CL.write.1.tlog
C:\liyu\RCclient\RCclient\Debug\link.command.1.tlog
C:\liyu\RCclient\RCclient\Debug\link.read.1.tlog
C:\liyu\RCclient\RCclient\Debug\link.write.1.tlog
C:\liyu\RCclient\RCclient\Debug\link-cvtres.read.1.tlog
C:\liyu\RCclient\RCclient\Debug\link-cvtres.write.1.tlog
C:\liyu\RCclient\RCclient\Debug\mt.command.1.tlog
C:\liyu\RCclient\RCclient\Debug\mt.read.1.tlog
C:\liyu\RCclient\RCclient\Debug\mt.write.1.tlog
C:\liyu\RCclient\RCclient\Debug\rc.command.1.tlog
C:\liyu\RCclient\RCclient\Debug\rc.read.1.tlog
C:\liyu\RCclient\RCclient\Debug\rc.write.1.tlog
C:\LIYU\RCCLIENT\RCCLIENT\DEBUG\RCCLIENT.EXE.EMBED.MANIFEST
C:\LIYU\RCCLIENT\RCCLIENT\DEBUG\RCCLIENT.EXE.EMBED.MANIFEST.RES
C:\LIYU\RCCLIENT\RCCLIENT\DEBUG\RCCLIENT.EXE.INTERMEDIATE.MANIFEST
C:\LIYU\RCCLIENT\RCCLIENT\DEBUG\RCCLIENT.OBJ
C:\LIYU\RCCLIENT\RCCLIENT\DEBUG\RCCLIENT.PCH
C:\LIYU\RCCLIENT\RCCLIENT\DEBUG\RCCLIENT.RES
C:\liyu\RCclient\RCclient\Debug\RCclient.write.1.tlog
C:\liyu\RCclient\RCclient\Debug\RCclient_manifest.rc
C:\LIYU\RCCLIENT\RCCLIENT\DEBUG\RCCLIENTDLG.OBJ
C:\LIYU\RCCLIENT\RCCLIENT\DEBUG\STDAFX.OBJ
C:\liyu\RCclient\RCclient\Debug\vc100.idb
C:\LIYU\RCCLIENT\RCCLIENT\DEBUG\VC100.PDB
